Determining if the pthread_create exist failed with the following output:
Change Dir: /home/pablo.say54/intel/linux-sgx/psw/ae/aesm_service/source/build/CMakeFiles/CMakeTmp

Run Build Command:"/usr/bin/make" "cmTC_cb268/fast"
make[4]: Entering directory '/home/pablo.say54/intel/linux-sgx/psw/ae/aesm_service/source/build/CMakeFiles/CMakeTmp'
/usr/bin/make -f CMakeFiles/cmTC_cb268.dir/build.make CMakeFiles/cmTC_cb268.dir/build
make[5]: Entering directory '/home/pablo.say54/intel/linux-sgx/psw/ae/aesm_service/source/build/CMakeFiles/CMakeTmp'
Building C object CMakeFiles/cmTC_cb268.dir/CheckSymbolExists.c.o
/usr/bin/cc     -o CMakeFiles/cmTC_cb268.dir/CheckSymbolExists.c.o   -c /home/pablo.say54/intel/linux-sgx/psw/ae/aesm_service/source/build/CMakeFiles/CMakeTmp/CheckSymbolExists.c
Linking C executable cmTC_cb268
/usr/bin/cmake -E cmake_link_script CMakeFiles/cmTC_cb268.dir/link.txt --verbose=1
/usr/bin/cc       CMakeFiles/cmTC_cb268.dir/CheckSymbolExists.c.o  -o cmTC_cb268 -rdynamic 
CMakeFiles/cmTC_cb268.dir/CheckSymbolExists.c.o: In function `main':
CheckSymbolExists.c:(.text+0x16): undefined reference to `pthread_create'
collect2: error: ld returned 1 exit status
CMakeFiles/cmTC_cb268.dir/build.make:97: recipe for target 'cmTC_cb268' failed
make[5]: *** [cmTC_cb268] Error 1
make[5]: Leaving directory '/home/pablo.say54/intel/linux-sgx/psw/ae/aesm_service/source/build/CMakeFiles/CMakeTmp'
Makefile:126: recipe for target 'cmTC_cb268/fast' failed
make[4]: *** [cmTC_cb268/fast] Error 2
make[4]: Leaving directory '/home/pablo.say54/intel/linux-sgx/psw/ae/aesm_service/source/build/CMakeFiles/CMakeTmp'

File /home/pablo.say54/intel/linux-sgx/psw/ae/aesm_service/source/build/CMakeFiles/CMakeTmp/CheckSymbolExists.c:
/* */
#include <pthread.h>

int main(int argc, char** argv)
{
  (void)argv;
#ifndef pthread_create
  return ((int*)(&pthread_create))[argc];
#else
  (void)argc;
  return 0;
#endif
}

Determining if the function pthread_create exists in the pthreads failed with the following output:
Change Dir: /home/pablo.say54/intel/linux-sgx/psw/ae/aesm_service/source/build/CMakeFiles/CMakeTmp

Run Build Command:"/usr/bin/make" "cmTC_3a016/fast"
make[4]: Entering directory '/home/pablo.say54/intel/linux-sgx/psw/ae/aesm_service/source/build/CMakeFiles/CMakeTmp'
/usr/bin/make -f CMakeFiles/cmTC_3a016.dir/build.make CMakeFiles/cmTC_3a016.dir/build
make[5]: Entering directory '/home/pablo.say54/intel/linux-sgx/psw/ae/aesm_service/source/build/CMakeFiles/CMakeTmp'
Building C object CMakeFiles/cmTC_3a016.dir/CheckFunctionExists.c.o
/usr/bin/cc    -DCHECK_FUNCTION_EXISTS=pthread_create   -o CMakeFiles/cmTC_3a016.dir/CheckFunctionExists.c.o   -c /usr/share/cmake-3.5/Modules/CheckFunctionExists.c
Linking C executable cmTC_3a016
/usr/bin/cmake -E cmake_link_script CMakeFiles/cmTC_3a016.dir/link.txt --verbose=1
/usr/bin/cc   -DCHECK_FUNCTION_EXISTS=pthread_create    CMakeFiles/cmTC_3a016.dir/CheckFunctionExists.c.o  -o cmTC_3a016 -rdynamic -lpthreads 
/usr/bin/ld: cannot find -lpthreads
collect2: error: ld returned 1 exit status
CMakeFiles/cmTC_3a016.dir/build.make:97: recipe for target 'cmTC_3a016' failed
make[5]: *** [cmTC_3a016] Error 1
make[5]: Leaving directory '/home/pablo.say54/intel/linux-sgx/psw/ae/aesm_service/source/build/CMakeFiles/CMakeTmp'
Makefile:126: recipe for target 'cmTC_3a016/fast' failed
make[4]: *** [cmTC_3a016/fast] Error 2
make[4]: Leaving directory '/home/pablo.say54/intel/linux-sgx/psw/ae/aesm_service/source/build/CMakeFiles/CMakeTmp'


